<?xml version="1.0" encoding="UTF-8"?>
<!-- Generated by org.testng.reporters.JUnitXMLReporter -->
<testsuite hostname="Sanas-Air" ignored="2" name="smoke" tests="8" failures="1" timestamp="18 Feb 2022 23:10:51 GMT" time="169.65" errors="0">
  <testcase name="creditCardTestingWithExcelDataProvider" time="0.0" classname="chase.bank.tests.CreditCardsTest">
    <skipped/>
  </testcase> <!-- creditCardTestingWithExcelDataProvider -->
  <testcase name="creditCardTestingWithIteratorDataProvider" time="50.892" classname="chase.bank.tests.CreditCardsTest"/>
  <testcase name="testMethodApplicant" time="0.003" classname="chase.bank.tests.CreditCardsTest"/>
  <testcase name="testMethodApplicant1" time="0.004" classname="chase.bank.tests.CreditCardsTest"/>
  <testcase name="creditCardTestingWithExcelDataProvider" time="0.0" classname="chase.bank.tests.CreditCardsWithExtentReport">
    <skipped/>
  </testcase> <!-- creditCardTestingWithExcelDataProvider -->
  <testcase name="test1" time="0.02" classname="chase.bank.tests.CreditCardsWithExtentReport"/>
  <testcase name="test2" time="0.004" classname="chase.bank.tests.CreditCardsWithExtentReport"/>
  <testcase name="creditCardPageTest" time="59.994" classname="chase.bank.tests.CreditCardsTest">
    <failure type="org.openqa.selenium.TimeoutException" message="timeout: Timed out receiving message from renderer: 15.000
  (Session info: chrome=98.0.4758.102)
Build info: version: &amp;apos;4.1.1&amp;apos;, revision: &amp;apos;e8fcc2cecf&amp;apos;
System info: host: &amp;apos;Sanas-Air&amp;apos;, ip: &amp;apos;fe80:0:0:0:4ed:f2dc:9199:a9a0%en0&amp;apos;, os.name: &amp;apos;Mac OS X&amp;apos;, os.arch: &amp;apos;x86_64&amp;apos;, os.version: &amp;apos;10.16&amp;apos;, java.version: &amp;apos;1.8.0_311&amp;apos;
Driver info: org.openqa.selenium.chrome.ChromeDriver
Command: [bf2cb906d7aeb3f464083717a51ee914, findElement {using=xpath, value=//h1[contains(., &amp;apos;get started.&amp;apos;)]}]
Capabilities {acceptInsecureCerts: false, browserName: chrome, browserVersion: 98.0.4758.102, chrome: {chromedriverVersion: 98.0.4758.102 (273bf7ac8c90..., userDataDir: /var/folders/2q/13m492rd6xj...}, goog:chromeOptions: {debuggerAddress: localhost:52531}, javascriptEnabled: true, networkConnectionEnabled: false, pageLoadStrategy: normal, platform: MAC, platformName: MAC, proxy: Proxy(), se:cdp: ws://localhost:52531/devtoo..., se:cdpVersion: 98.0.4758.102, setWindowRect: true, strictFileInteractability: false, timeouts: {implicit: 0, pageLoad: 300000, script: 30000}, unhandledPromptBehavior: dismiss and notify, webauthn:extension:credBlob: true, webauthn:extension:largeBlob: true, webauthn:virtualAuthenticators: true}
Session ID: bf2cb906d7aeb3f464083717a51ee914">
      <![CDATA[org.openqa.selenium.TimeoutException: timeout: Timed out receiving message from renderer: 15.000
  (Session info: chrome=98.0.4758.102)
Build info: version: '4.1.1', revision: 'e8fcc2cecf'
System info: host: 'Sanas-Air', ip: 'fe80:0:0:0:4ed:f2dc:9199:a9a0%en0', os.name: 'Mac OS X', os.arch: 'x86_64', os.version: '10.16', java.version: '1.8.0_311'
Driver info: org.openqa.selenium.chrome.ChromeDriver
Command: [bf2cb906d7aeb3f464083717a51ee914, findElement {using=xpath, value=//h1[contains(., 'get started.')]}]
Capabilities {acceptInsecureCerts: false, browserName: chrome, browserVersion: 98.0.4758.102, chrome: {chromedriverVersion: 98.0.4758.102 (273bf7ac8c90..., userDataDir: /var/folders/2q/13m492rd6xj...}, goog:chromeOptions: {debuggerAddress: localhost:52531}, javascriptEnabled: true, networkConnectionEnabled: false, pageLoadStrategy: normal, platform: MAC, platformName: MAC, proxy: Proxy(), se:cdp: ws://localhost:52531/devtoo..., se:cdpVersion: 98.0.4758.102, setWindowRect: true, strictFileInteractability: false, timeouts: {implicit: 0, pageLoad: 300000, script: 30000}, unhandledPromptBehavior: dismiss and notify, webauthn:extension:credBlob: true, webauthn:extension:largeBlob: true, webauthn:virtualAuthenticators: true}
Session ID: bf2cb906d7aeb3f464083717a51ee914
at org.openqa.selenium.remote.codec.w3c.W3CHttpResponseCodec.createException(W3CHttpResponseCodec.java:200)
at org.openqa.selenium.remote.codec.w3c.W3CHttpResponseCodec.decode(W3CHttpResponseCodec.java:133)
at org.openqa.selenium.remote.codec.w3c.W3CHttpResponseCodec.decode(W3CHttpResponseCodec.java:53)
at org.openqa.selenium.remote.HttpCommandExecutor.execute(HttpCommandExecutor.java:184)
at org.openqa.selenium.remote.service.DriverCommandExecutor.invokeExecute(DriverCommandExecutor.java:167)
at org.openqa.selenium.remote.service.DriverCommandExecutor.execute(DriverCommandExecutor.java:142)
at org.openqa.selenium.remote.RemoteWebDriver.execute(RemoteWebDriver.java:543)
at org.openqa.selenium.remote.ElementLocation$ElementFinder$2.findElement(ElementLocation.java:162)
at org.openqa.selenium.remote.ElementLocation.findElement(ElementLocation.java:60)
at org.openqa.selenium.remote.RemoteWebDriver.findElement(RemoteWebDriver.java:367)
at org.openqa.selenium.remote.RemoteWebDriver.findElement(RemoteWebDriver.java:359)
at org.openqa.selenium.support.pagefactory.DefaultElementLocator.findElement(DefaultElementLocator.java:70)
at org.openqa.selenium.support.pagefactory.internal.LocatingElementHandler.invoke(LocatingElementHandler.java:39)
at com.sun.proxy.$Proxy21.isDisplayed(Unknown Source)
at org.openqa.selenium.support.ui.ExpectedConditions.elementIfVisible(ExpectedConditions.java:307)
at org.openqa.selenium.support.ui.ExpectedConditions.access$000(ExpectedConditions.java:40)
at org.openqa.selenium.support.ui.ExpectedConditions$10.apply(ExpectedConditions.java:293)
at org.openqa.selenium.support.ui.ExpectedConditions$10.apply(ExpectedConditions.java:290)
at org.openqa.selenium.support.ui.FluentWait.until(FluentWait.java:208)
at chase.bank.common.Common_waits.waitUntilVisible(Common_waits.java:23)
at chase.bank.common.Common_methods.getText(Common_methods.java:42)
at chase.bank.pages.FreedomUnlimitedAppPage.getTextFreedomUnlimitedStep(FreedomUnlimitedAppPage.java:20)
at chase.bank.pages.FreedomUnlimitedAppPage.FreedomUnlimitedSteps(FreedomUnlimitedAppPage.java:30)
at chase.bank.tests.CreditCardsTest.creditCardPageTest(CreditCardsTest.java:21)
... Removed 29 stack frames]]>
    </failure>
  </testcase> <!-- creditCardPageTest -->
  <testcase name="@BeforeSuite initiatinExtentReport" time="0.0" classname="chase.bank.base.Base_class">
    <ignored/>
  </testcase> <!-- @BeforeSuite initiatinExtentReport -->
  <testcase name="@AfterSuite endReport" time="0.0" classname="chase.bank.base.Base_class">
    <ignored/>
  </testcase> <!-- @AfterSuite endReport -->
</testsuite> <!-- smoke -->
