<?xml version="1.0" encoding="UTF-8"?>
<!-- Generated by org.testng.reporters.JUnitXMLReporter -->
<testsuite hostname="Sanas-Air" ignored="0" name="SmokeTest" tests="1" failures="0" timestamp="16 Feb 2022 21:57:02 GMT" time="0.096" errors="0">
  <testcase name="@BeforeMethod setUp" time="0.0" classname="chase.bank.base.Base_class">
    <failure type="org.testng.TestNGException" message="
Parameter &amp;apos;browser&amp;apos; is required by BeforeMethod on method setUp but has not been marked @Optional or defined
in /Users/sananaeem/eclipse-workspace/chase.bank/testRunner.xml">
      <![CDATA[org.testng.TestNGException: 
Parameter 'browser' is required by BeforeMethod on method setUp but has not been marked @Optional or defined
in /Users/sananaeem/eclipse-workspace/chase.bank/testRunner.xml
... Removed 25 stack frames]]>
    </failure>
  </testcase> <!-- @BeforeMethod setUp -->
  <testcase name="@AfterMethod afterEachTest" time="0.0" classname="chase.bank.base.Base_class">
    <skipped/>
  </testcase> <!-- @AfterMethod afterEachTest -->
  <testcase name="creditCardPageTest" time="0.0" classname="chase.bank.tests.Testing">
    <skipped/>
  </testcase> <!-- creditCardPageTest -->
</testsuite> <!-- SmokeTest -->
